22:21:23.419 [main] INFO  com.coronavirus.tracker.Covid19TrackerApplication - Starting Covid19TrackerApplication on N-20N3PF1432RM with PID 35968 (C:\Users\rrajput\Downloads\Covid19-Tracker\target\classes started by rrajput in C:\Users\rrajput\Downloads\Covid19-Tracker)
22:21:23.428 [main] INFO  com.coronavirus.tracker.Covid19TrackerApplication - No active profile set, falling back to default profiles: default
22:21:26.505 [main] INFO  com.coronavirus.tracker.Covid19TrackerApplication - Started Covid19TrackerApplication in 3.463 seconds (JVM running for 4.954)
22:21:26.507 [main] INFO  com.coronavirus.tracker.Covid19TrackerApplication - This is the Mail Program After SpringBoot
22:27:30.966 [main] INFO  com.coronavirus.tracker.Covid19TrackerApplication - Starting Covid19TrackerApplication on N-20N3PF1432RM with PID 33604 (C:\Users\rrajput\Downloads\Covid19-Tracker\target\classes started by rrajput in C:\Users\rrajput\Downloads\Covid19-Tracker)
22:27:30.975 [main] INFO  com.coronavirus.tracker.Covid19TrackerApplication - No active profile set, falling back to default profiles: default
22:32:50.698 [main] INFO  com.coronavirus.tracker.Covid19TrackerApplication - Starting Covid19TrackerApplication on N-20N3PF1432RM with PID 10764 (C:\Users\rrajput\Downloads\Covid19-Tracker\target\classes started by rrajput in C:\Users\rrajput\Downloads\Covid19-Tracker)
22:32:50.711 [main] INFO  com.coronavirus.tracker.Covid19TrackerApplication - No active profile set, falling back to default profiles: default
22:32:53.644 [main] INFO  com.coronavirus.tracker.Covid19TrackerApplication - Started Covid19TrackerApplication in 3.349 seconds (JVM running for 4.198)
22:32:53.652 [main] INFO  com.coronavirus.tracker.Covid19TrackerApplication - This is the Mail Program After SpringBoot
11:47:49.180 [main] INFO  com.coronavirus.tracker.Covid19TrackerApplication - Starting Covid19TrackerApplication on N-20N3PF1432RM with PID 27996 (C:\Users\rrajput\Downloads\Covid19-Tracker\target\classes started by rrajput in C:\Users\rrajput\Downloads\Covid19-Tracker)
11:47:49.190 [main] INFO  com.coronavirus.tracker.Covid19TrackerApplication - No active profile set, falling back to default profiles: default
11:52:05.197 [main] INFO  com.coronavirus.tracker.Covid19TrackerApplication - Starting Covid19TrackerApplication on N-20N3PF1432RM with PID 27004 (C:\Users\rrajput\Downloads\Covid19-Tracker\target\classes started by rrajput in C:\Users\rrajput\Downloads\Covid19-Tracker)
11:52:05.220 [main] INFO  com.coronavirus.tracker.Covid19TrackerApplication - No active profile set, falling back to default profiles: default
11:52:09.334 [main] INFO  com.coronavirus.tracker.Covid19TrackerApplication - Started Covid19TrackerApplication in 4.428 seconds (JVM running for 5.305)
11:52:09.337 [main] INFO  com.coronavirus.tracker.Covid19TrackerApplication - This is the Mail Program After SpringBoot
11:58:15.272 [main] INFO  com.coronavirus.tracker.Covid19TrackerApplication - Starting Covid19TrackerApplication on N-20N3PF1432RM with PID 26004 (C:\Users\rrajput\Downloads\Covid19-Tracker\target\classes started by rrajput in C:\Users\rrajput\Downloads\Covid19-Tracker)
11:58:15.291 [main] INFO  com.coronavirus.tracker.Covid19TrackerApplication - No active profile set, falling back to default profiles: default
11:58:19.220 [main] INFO  com.coronavirus.tracker.Covid19TrackerApplication - Started Covid19TrackerApplication in 4.295 seconds (JVM running for 5.138)
11:58:19.222 [main] INFO  com.coronavirus.tracker.Covid19TrackerApplication - This is the Mail Program After SpringBoot
12:41:09.814 [main] INFO  com.coronavirus.tracker.Covid19TrackerApplication - Starting Covid19TrackerApplication on N-20N3PF1432RM with PID 13412 (C:\Users\rrajput\Downloads\Covid19-Tracker\target\classes started by rrajput in C:\Users\rrajput\Downloads\Covid19-Tracker)
12:41:09.828 [main] INFO  com.coronavirus.tracker.Covid19TrackerApplication - No active profile set, falling back to default profiles: default
12:41:14.061 [main] INFO  com.coronavirus.tracker.Covid19TrackerApplication - Started Covid19TrackerApplication in 4.593 seconds (JVM running for 5.603)
12:41:14.063 [main] INFO  com.coronavirus.tracker.Covid19TrackerApplication - This is the Mail Program After SpringBoot
12:47:57.701 [main] INFO  com.coronavirus.tracker.Covid19TrackerApplication - Starting Covid19TrackerApplication on N-20N3PF1432RM with PID 13368 (C:\Users\rrajput\Downloads\Covid19-Tracker\target\classes started by rrajput in C:\Users\rrajput\Downloads\Covid19-Tracker)
12:47:57.715 [main] INFO  com.coronavirus.tracker.Covid19TrackerApplication - No active profile set, falling back to default profiles: default
12:48:01.718 [main] INFO  com.coronavirus.tracker.Covid19TrackerApplication - Started Covid19TrackerApplication in 4.29 seconds (JVM running for 5.147)
12:48:01.720 [main] INFO  com.coronavirus.tracker.Covid19TrackerApplication - This is the Mail Program After SpringBoot
12:51:20.755 [main] INFO  com.coronavirus.tracker.Covid19TrackerApplication - Starting Covid19TrackerApplication on N-20N3PF1432RM with PID 7148 (C:\Users\rrajput\Downloads\Covid19-Tracker\target\classes started by rrajput in C:\Users\rrajput\Downloads\Covid19-Tracker)
12:51:20.768 [main] INFO  com.coronavirus.tracker.Covid19TrackerApplication - No active profile set, falling back to default profiles: default
12:52:33.519 [main] INFO  com.coronavirus.tracker.Covid19TrackerApplication - Starting Covid19TrackerApplication on N-20N3PF1432RM with PID 20880 (C:\Users\rrajput\Downloads\Covid19-Tracker\target\classes started by rrajput in C:\Users\rrajput\Downloads\Covid19-Tracker)
12:52:33.532 [main] INFO  com.coronavirus.tracker.Covid19TrackerApplication - No active profile set, falling back to default profiles: default
12:52:37.509 [main] INFO  com.coronavirus.tracker.Covid19TrackerApplication - Started Covid19TrackerApplication in 4.258 seconds (JVM running for 5.231)
12:52:37.510 [main] INFO  com.coronavirus.tracker.Covid19TrackerApplication - This is the Mail Program After SpringBoot
12:54:24.712 [main] INFO  com.coronavirus.tracker.Covid19TrackerApplication - Starting Covid19TrackerApplication on N-20N3PF1432RM with PID 26584 (C:\Users\rrajput\Downloads\Covid19-Tracker\target\classes started by rrajput in C:\Users\rrajput\Downloads\Covid19-Tracker)
12:54:24.720 [main] INFO  com.coronavirus.tracker.Covid19TrackerApplication - No active profile set, falling back to default profiles: default
12:54:28.699 [main] INFO  com.coronavirus.tracker.Covid19TrackerApplication - Started Covid19TrackerApplication in 4.252 seconds (JVM running for 5.167)
12:54:28.701 [main] INFO  com.coronavirus.tracker.Covid19TrackerApplication - This is the Mail Program After SpringBoot
12:56:48.655 [main] INFO  com.coronavirus.tracker.Covid19TrackerApplication - Starting Covid19TrackerApplication on N-20N3PF1432RM with PID 24256 (C:\Users\rrajput\Downloads\Covid19-Tracker\target\classes started by rrajput in C:\Users\rrajput\Downloads\Covid19-Tracker)
12:56:48.668 [main] INFO  com.coronavirus.tracker.Covid19TrackerApplication - No active profile set, falling back to default profiles: default
12:56:52.346 [main] INFO  com.coronavirus.tracker.Covid19TrackerApplication - Started Covid19TrackerApplication in 3.984 seconds (JVM running for 4.813)
12:56:52.349 [main] INFO  com.coronavirus.tracker.Covid19TrackerApplication - This is the Mail Program After SpringBoot
12:57:55.901 [main] INFO  com.coronavirus.tracker.Covid19TrackerApplication - Starting Covid19TrackerApplication on N-20N3PF1432RM with PID 30656 (C:\Users\rrajput\Downloads\Covid19-Tracker\target\classes started by rrajput in C:\Users\rrajput\Downloads\Covid19-Tracker)
12:57:55.916 [main] INFO  com.coronavirus.tracker.Covid19TrackerApplication - No active profile set, falling back to default profiles: default
12:57:59.635 [main] INFO  com.coronavirus.tracker.Covid19TrackerApplication - Started Covid19TrackerApplication in 4.021 seconds (JVM running for 4.902)
12:57:59.638 [main] INFO  com.coronavirus.tracker.Covid19TrackerApplication - This is the Mail Program After SpringBoot
12:59:09.460 [main] INFO  com.coronavirus.tracker.Covid19TrackerApplication - Starting Covid19TrackerApplication on N-20N3PF1432RM with PID 21148 (C:\Users\rrajput\Downloads\Covid19-Tracker\target\classes started by rrajput in C:\Users\rrajput\Downloads\Covid19-Tracker)
12:59:09.473 [main] INFO  com.coronavirus.tracker.Covid19TrackerApplication - No active profile set, falling back to default profiles: default
12:59:13.164 [main] INFO  com.coronavirus.tracker.Covid19TrackerApplication - Started Covid19TrackerApplication in 3.977 seconds (JVM running for 4.826)
12:59:13.166 [main] INFO  com.coronavirus.tracker.Covid19TrackerApplication - This is the Mail Program After SpringBoot
12:59:45.145 [main] INFO  com.coronavirus.tracker.Covid19TrackerApplication - Starting Covid19TrackerApplication on N-20N3PF1432RM with PID 26804 (C:\Users\rrajput\Downloads\Covid19-Tracker\target\classes started by rrajput in C:\Users\rrajput\Downloads\Covid19-Tracker)
12:59:45.164 [main] INFO  com.coronavirus.tracker.Covid19TrackerApplication - No active profile set, falling back to default profiles: default
12:59:49.058 [main] INFO  com.coronavirus.tracker.Covid19TrackerApplication - Started Covid19TrackerApplication in 4.321 seconds (JVM running for 5.165)
12:59:49.060 [main] INFO  com.coronavirus.tracker.Covid19TrackerApplication - This is the Mail Program After SpringBoot
13:01:57.859 [main] INFO  com.coronavirus.tracker.Covid19TrackerApplication - Starting Covid19TrackerApplication on N-20N3PF1432RM with PID 1192 (C:\Users\rrajput\Downloads\Covid19-Tracker\target\classes started by rrajput in C:\Users\rrajput\Downloads\Covid19-Tracker)
13:01:57.872 [main] INFO  com.coronavirus.tracker.Covid19TrackerApplication - No active profile set, falling back to default profiles: default
13:02:01.692 [main] INFO  com.coronavirus.tracker.Covid19TrackerApplication - Started Covid19TrackerApplication in 4.119 seconds (JVM running for 5.042)
13:02:01.694 [main] INFO  com.coronavirus.tracker.Covid19TrackerApplication - This is the Mail Program After SpringBoot
13:02:36.393 [main] INFO  com.coronavirus.tracker.Covid19TrackerApplication - Starting Covid19TrackerApplication on N-20N3PF1432RM with PID 20060 (C:\Users\rrajput\Downloads\Covid19-Tracker\target\classes started by rrajput in C:\Users\rrajput\Downloads\Covid19-Tracker)
13:02:36.401 [main] INFO  com.coronavirus.tracker.Covid19TrackerApplication - No active profile set, falling back to default profiles: default
13:06:47.401 [main] INFO  com.coronavirus.tracker.Covid19TrackerApplication - Starting Covid19TrackerApplication on N-20N3PF1432RM with PID 21264 (C:\Users\rrajput\Downloads\Covid19-Tracker\target\classes started by rrajput in C:\Users\rrajput\Downloads\Covid19-Tracker)
13:06:47.413 [main] INFO  com.coronavirus.tracker.Covid19TrackerApplication - No active profile set, falling back to default profiles: default
13:06:51.444 [main] INFO  com.coronavirus.tracker.Covid19TrackerApplication - Started Covid19TrackerApplication in 4.317 seconds (JVM running for 5.155)
13:06:51.446 [main] INFO  com.coronavirus.tracker.Covid19TrackerApplication - This is the Mail Program After SpringBoot
13:10:08.397 [main] INFO  com.coronavirus.tracker.Covid19TrackerApplication - Starting Covid19TrackerApplication on N-20N3PF1432RM with PID 12400 (C:\Users\rrajput\Downloads\Covid19-Tracker\target\classes started by rrajput in C:\Users\rrajput\Downloads\Covid19-Tracker)
13:10:08.409 [main] INFO  com.coronavirus.tracker.Covid19TrackerApplication - No active profile set, falling back to default profiles: default
13:10:12.389 [main] INFO  com.coronavirus.tracker.Covid19TrackerApplication - Started Covid19TrackerApplication in 4.259 seconds (JVM running for 5.111)
13:10:12.391 [main] INFO  com.coronavirus.tracker.Covid19TrackerApplication - This is the Mail Program After SpringBoot
13:12:05.768 [main] INFO  com.coronavirus.tracker.Covid19TrackerApplication - Starting Covid19TrackerApplication on N-20N3PF1432RM with PID 21148 (C:\Users\rrajput\Downloads\Covid19-Tracker\target\classes started by rrajput in C:\Users\rrajput\Downloads\Covid19-Tracker)
13:12:05.781 [main] INFO  com.coronavirus.tracker.Covid19TrackerApplication - No active profile set, falling back to default profiles: default
13:12:09.493 [main] INFO  com.coronavirus.tracker.Covid19TrackerApplication - Started Covid19TrackerApplication in 3.991 seconds (JVM running for 4.839)
13:12:09.494 [main] INFO  com.coronavirus.tracker.Covid19TrackerApplication - This is the Mail Program After SpringBoot
13:14:06.247 [main] INFO  com.coronavirus.tracker.Covid19TrackerApplication - Starting Covid19TrackerApplication on N-20N3PF1432RM with PID 27988 (C:\Users\rrajput\Downloads\Covid19-Tracker\target\classes started by rrajput in C:\Users\rrajput\Downloads\Covid19-Tracker)
13:14:06.264 [main] INFO  com.coronavirus.tracker.Covid19TrackerApplication - No active profile set, falling back to default profiles: default
13:14:09.982 [main] INFO  com.coronavirus.tracker.Covid19TrackerApplication - Started Covid19TrackerApplication in 4.094 seconds (JVM running for 4.973)
13:14:09.984 [main] INFO  com.coronavirus.tracker.Covid19TrackerApplication - This is the Mail Program After SpringBoot
13:15:55.424 [main] INFO  com.coronavirus.tracker.Covid19TrackerApplication - Starting Covid19TrackerApplication on N-20N3PF1432RM with PID 10316 (C:\Users\rrajput\Downloads\Covid19-Tracker\target\classes started by rrajput in C:\Users\rrajput\Downloads\Covid19-Tracker)
13:15:55.439 [main] INFO  com.coronavirus.tracker.Covid19TrackerApplication - No active profile set, falling back to default profiles: default
13:15:59.130 [main] INFO  com.coronavirus.tracker.Covid19TrackerApplication - Started Covid19TrackerApplication in 4.035 seconds (JVM running for 4.888)
13:15:59.132 [main] INFO  com.coronavirus.tracker.Covid19TrackerApplication - This is the Mail Program After SpringBoot
13:18:00.006 [main] INFO  com.coronavirus.tracker.Covid19TrackerApplication - Starting Covid19TrackerApplication on N-20N3PF1432RM with PID 26292 (C:\Users\rrajput\Downloads\Covid19-Tracker\target\classes started by rrajput in C:\Users\rrajput\Downloads\Covid19-Tracker)
13:18:00.015 [main] INFO  com.coronavirus.tracker.Covid19TrackerApplication - No active profile set, falling back to default profiles: default
13:18:03.881 [main] INFO  com.coronavirus.tracker.Covid19TrackerApplication - Started Covid19TrackerApplication in 4.163 seconds (JVM running for 5.015)
13:18:03.883 [main] INFO  com.coronavirus.tracker.Covid19TrackerApplication - This is the Mail Program After SpringBoot
13:19:01.426 [main] INFO  com.coronavirus.tracker.Covid19TrackerApplication - Starting Covid19TrackerApplication on N-20N3PF1432RM with PID 24792 (C:\Users\rrajput\Downloads\Covid19-Tracker\target\classes started by rrajput in C:\Users\rrajput\Downloads\Covid19-Tracker)
13:19:01.439 [main] INFO  com.coronavirus.tracker.Covid19TrackerApplication - No active profile set, falling back to default profiles: default
13:19:05.309 [main] INFO  com.coronavirus.tracker.Covid19TrackerApplication - Started Covid19TrackerApplication in 4.185 seconds (JVM running for 5.082)
13:19:05.311 [main] INFO  com.coronavirus.tracker.Covid19TrackerApplication - This is the Mail Program After SpringBoot
13:19:51.977 [main] INFO  com.coronavirus.tracker.Covid19TrackerApplication - Starting Covid19TrackerApplication on N-20N3PF1432RM with PID 29204 (C:\Users\rrajput\Downloads\Covid19-Tracker\target\classes started by rrajput in C:\Users\rrajput\Downloads\Covid19-Tracker)
13:19:51.984 [main] INFO  com.coronavirus.tracker.Covid19TrackerApplication - No active profile set, falling back to default profiles: default
13:19:55.984 [main] INFO  com.coronavirus.tracker.Covid19TrackerApplication - Started Covid19TrackerApplication in 4.279 seconds (JVM running for 5.101)
13:19:55.986 [main] INFO  com.coronavirus.tracker.Covid19TrackerApplication - This is the Mail Program After SpringBoot
13:21:05.110 [main] INFO  com.coronavirus.tracker.Covid19TrackerApplication - Starting Covid19TrackerApplication on N-20N3PF1432RM with PID 26840 (C:\Users\rrajput\Downloads\Covid19-Tracker\target\classes started by rrajput in C:\Users\rrajput\Downloads\Covid19-Tracker)
13:21:05.120 [main] INFO  com.coronavirus.tracker.Covid19TrackerApplication - No active profile set, falling back to default profiles: default
13:21:19.462 [main] INFO  com.coronavirus.tracker.Covid19TrackerApplication - Started Covid19TrackerApplication in 14.686 seconds (JVM running for 15.883)
13:21:19.465 [main] INFO  com.coronavirus.tracker.Covid19TrackerApplication - This is the Mail Program After SpringBoot
13:23:01.133 [main] INFO  com.coronavirus.tracker.Covid19TrackerApplication - Starting Covid19TrackerApplication on N-20N3PF1432RM with PID 24836 (C:\Users\rrajput\Downloads\Covid19-Tracker\target\classes started by rrajput in C:\Users\rrajput\Downloads\Covid19-Tracker)
13:23:01.142 [main] INFO  com.coronavirus.tracker.Covid19TrackerApplication - No active profile set, falling back to default profiles: default
13:23:05.632 [main] INFO  com.coronavirus.tracker.Covid19TrackerApplication - Started Covid19TrackerApplication in 4.857 seconds (JVM running for 5.914)
13:23:05.634 [main] INFO  com.coronavirus.tracker.Covid19TrackerApplication - This is the Mail Program After SpringBoot
13:24:05.089 [main] INFO  com.coronavirus.tracker.Covid19TrackerApplication - Starting Covid19TrackerApplication on N-20N3PF1432RM with PID 24524 (C:\Users\rrajput\Downloads\Covid19-Tracker\target\classes started by rrajput in C:\Users\rrajput\Downloads\Covid19-Tracker)
13:24:05.097 [main] INFO  com.coronavirus.tracker.Covid19TrackerApplication - No active profile set, falling back to default profiles: default
13:24:09.682 [main] INFO  com.coronavirus.tracker.Covid19TrackerApplication - Started Covid19TrackerApplication in 4.92 seconds (JVM running for 5.923)
13:24:09.685 [main] INFO  com.coronavirus.tracker.Covid19TrackerApplication - This is the Mail Program After SpringBoot
13:26:40.857 [main] INFO  com.coronavirus.tracker.Covid19TrackerApplication - Starting Covid19TrackerApplication on N-20N3PF1432RM with PID 26976 (C:\Users\rrajput\Downloads\Covid19-Tracker\target\classes started by rrajput in C:\Users\rrajput\Downloads\Covid19-Tracker)
13:26:40.870 [main] INFO  com.coronavirus.tracker.Covid19TrackerApplication - No active profile set, falling back to default profiles: default
13:26:44.629 [main] INFO  com.coronavirus.tracker.Covid19TrackerApplication - Started Covid19TrackerApplication in 4.036 seconds (JVM running for 4.934)
13:26:44.631 [main] INFO  com.coronavirus.tracker.Covid19TrackerApplication - This is the Mail Program After SpringBoot
14:55:01.878 [main] INFO  com.coronavirus.tracker.Covid19TrackerApplication - Starting Covid19TrackerApplication on N-20N3PF1432RM with PID 18780 (C:\Users\rrajput\Downloads\Covid19-Tracker\target\classes started by rrajput in C:\Users\rrajput\Downloads\Covid19-Tracker)
14:55:01.878 [main] INFO  com.coronavirus.tracker.Covid19TrackerApplication - No active profile set, falling back to default profiles: default
14:55:06.042 [main] INFO  com.coronavirus.tracker.Covid19TrackerApplication - Started Covid19TrackerApplication in 4.453 seconds (JVM running for 5.27)
14:55:06.042 [main] INFO  com.coronavirus.tracker.Covid19TrackerApplication - This is the Mail Program After SpringBoot
14:56:03.492 [main] INFO  com.coronavirus.tracker.Covid19TrackerApplication - Starting Covid19TrackerApplication on N-20N3PF1432RM with PID 23800 (C:\Users\rrajput\Downloads\Covid19-Tracker\target\classes started by rrajput in C:\Users\rrajput\Downloads\Covid19-Tracker)
14:56:03.507 [main] INFO  com.coronavirus.tracker.Covid19TrackerApplication - No active profile set, falling back to default profiles: default
14:56:56.642 [main] INFO  com.coronavirus.tracker.Covid19TrackerApplication - Starting Covid19TrackerApplication on N-20N3PF1432RM with PID 8092 (C:\Users\rrajput\Downloads\Covid19-Tracker\target\classes started by rrajput in C:\Users\rrajput\Downloads\Covid19-Tracker)
14:56:56.658 [main] INFO  com.coronavirus.tracker.Covid19TrackerApplication - No active profile set, falling back to default profiles: default
14:57:00.018 [main] INFO  com.coronavirus.tracker.Covid19TrackerApplication - Started Covid19TrackerApplication in 3.631 seconds (JVM running for 4.487)
14:57:00.019 [main] INFO  com.coronavirus.tracker.Covid19TrackerApplication - This is the Mail Program After SpringBoot
15:06:09.595 [main] INFO  com.coronavirus.tracker.Covid19TrackerApplication - Starting Covid19TrackerApplication on N-20N3PF1432RM with PID 3676 (C:\Users\rrajput\Downloads\Covid19-Tracker\target\classes started by rrajput in C:\Users\rrajput\Downloads\Covid19-Tracker)
15:06:09.612 [main] INFO  com.coronavirus.tracker.Covid19TrackerApplication - No active profile set, falling back to default profiles: default
15:06:13.109 [main] INFO  com.coronavirus.tracker.Covid19TrackerApplication - Started Covid19TrackerApplication in 3.815 seconds (JVM running for 4.681)
15:06:13.109 [main] INFO  com.coronavirus.tracker.Covid19TrackerApplication - This is the Mail Program After SpringBoot
15:12:20.038 [main] INFO  com.coronavirus.tracker.Covid19TrackerApplication - Starting Covid19TrackerApplication on N-20N3PF1432RM with PID 26252 (C:\Users\rrajput\Downloads\Covid19-Tracker\target\classes started by rrajput in C:\Users\rrajput\Downloads\Covid19-Tracker)
15:12:20.038 [main] DEBUG com.coronavirus.tracker.Covid19TrackerApplication - Running with Spring Boot v2.3.3.RELEASE, Spring v5.2.8.RELEASE
15:12:20.038 [main] INFO  com.coronavirus.tracker.Covid19TrackerApplication - No active profile set, falling back to default profiles: default
15:12:23.718 [main] INFO  com.coronavirus.tracker.Covid19TrackerApplication - Started Covid19TrackerApplication in 4.049 seconds (JVM running for 4.868)
15:12:23.718 [main] INFO  com.coronavirus.tracker.Covid19TrackerApplication - This is the Mail Program After SpringBoot
15:45:44.040 [main] INFO  com.coronavirus.tracker.Covid19TrackerApplication - Starting Covid19TrackerApplication on N-20N3PF1432RM with PID 21980 (C:\Users\rrajput\Downloads\Covid19-Tracker\target\classes started by rrajput in C:\Users\rrajput\Downloads\Covid19-Tracker)
15:45:44.056 [main] DEBUG com.coronavirus.tracker.Covid19TrackerApplication - Running with Spring Boot v2.3.3.RELEASE, Spring v5.2.8.RELEASE
15:45:44.056 [main] INFO  com.coronavirus.tracker.Covid19TrackerApplication - No active profile set, falling back to default profiles: default
15:45:49.028 [main] INFO  com.coronavirus.tracker.Covid19TrackerApplication - Started Covid19TrackerApplication in 5.365 seconds (JVM running for 6.488)
15:45:49.028 [main] INFO  com.coronavirus.tracker.Covid19TrackerApplication - This is the Mail Program After SpringBoot
15:47:33.443 [main] INFO  com.coronavirus.tracker.Covid19TrackerApplication - Starting Covid19TrackerApplication on N-20N3PF1432RM with PID 9332 (C:\Users\rrajput\Downloads\Covid19-Tracker\target\classes started by rrajput in C:\Users\rrajput\Downloads\Covid19-Tracker)
15:47:33.443 [main] DEBUG com.coronavirus.tracker.Covid19TrackerApplication - Running with Spring Boot v2.3.3.RELEASE, Spring v5.2.8.RELEASE
15:47:33.443 [main] INFO  com.coronavirus.tracker.Covid19TrackerApplication - No active profile set, falling back to default profiles: default
15:48:07.863 [main] INFO  com.coronavirus.tracker.Covid19TrackerApplication - Starting Covid19TrackerApplication on N-20N3PF1432RM with PID 28716 (C:\Users\rrajput\Downloads\Covid19-Tracker\target\classes started by rrajput in C:\Users\rrajput\Downloads\Covid19-Tracker)
15:48:07.876 [main] INFO  com.coronavirus.tracker.Covid19TrackerApplication - No active profile set, falling back to default profiles: default
15:54:27.992 [main] INFO  com.coronavirus.tracker.Covid19TrackerApplication - Starting Covid19TrackerApplication on N-20N3PF1432RM with PID 29516 (C:\Users\rrajput\Downloads\Covid19-Tracker\target\classes started by rrajput in C:\Users\rrajput\Downloads\Covid19-Tracker)
15:54:28.002 [main] INFO  com.coronavirus.tracker.Covid19TrackerApplication - No active profile set, falling back to default profiles: default
15:54:41.792 [main] INFO  com.coronavirus.tracker.Covid19TrackerApplication - Started Covid19TrackerApplication in 14.077 seconds (JVM running for 14.899)
15:54:41.792 [main] INFO  com.coronavirus.tracker.Covid19TrackerApplication - This is the Mail Program After SpringBoot
02:12:43.434 [main] INFO  com.coronavirus.tracker.Covid19TrackerApplication - Starting Covid19TrackerApplication on N-20N3PF1432RM with PID 10144 (C:\Users\rrajput\Downloads\Covid19-Tracker\target\classes started by rrajput in C:\Users\rrajput\Downloads\Covid19-Tracker)
02:12:43.442 [main] INFO  com.coronavirus.tracker.Covid19TrackerApplication - No active profile set, falling back to default profiles: default
02:12:47.553 [main] INFO  com.coronavirus.tracker.Covid19TrackerApplication - Started Covid19TrackerApplication in 4.469 seconds (JVM running for 5.797)
02:12:47.561 [main] INFO  com.coronavirus.tracker.Covid19TrackerApplication - This is the Mail Program After SpringBoot
02:13:27.944 [main] INFO  com.coronavirus.tracker.Covid19TrackerApplication - Starting Covid19TrackerApplication on N-20N3PF1432RM with PID 25532 (C:\Users\rrajput\Downloads\Covid19-Tracker\target\classes started by rrajput in C:\Users\rrajput\Downloads\Covid19-Tracker)
02:13:27.960 [main] INFO  com.coronavirus.tracker.Covid19TrackerApplication - No active profile set, falling back to default profiles: default
02:13:31.471 [main] INFO  com.coronavirus.tracker.Covid19TrackerApplication - Started Covid19TrackerApplication in 3.777 seconds (JVM running for 4.585)
02:13:31.471 [main] INFO  com.coronavirus.tracker.Covid19TrackerApplication - This is the Mail Program After SpringBoot
02:16:01.868 [main] INFO  com.coronavirus.tracker.Covid19TrackerApplication - Starting Covid19TrackerApplication on N-20N3PF1432RM with PID 22752 (C:\Users\rrajput\Downloads\Covid19-Tracker\target\classes started by rrajput in C:\Users\rrajput\Downloads\Covid19-Tracker)
02:16:01.876 [main] INFO  com.coronavirus.tracker.Covid19TrackerApplication - No active profile set, falling back to default profiles: default
02:16:05.226 [main] INFO  com.coronavirus.tracker.Covid19TrackerApplication - Started Covid19TrackerApplication in 3.619 seconds (JVM running for 4.523)
02:16:05.234 [main] INFO  com.coronavirus.tracker.Covid19TrackerApplication - This is the Mail Program After SpringBoot
02:20:34.260 [main] INFO  com.coronavirus.tracker.Covid19TrackerApplication - Starting Covid19TrackerApplication on N-20N3PF1432RM with PID 23512 (C:\Users\rrajput\Downloads\Covid19-Tracker\target\classes started by rrajput in C:\Users\rrajput\Downloads\Covid19-Tracker)
02:20:34.276 [main] INFO  com.coronavirus.tracker.Covid19TrackerApplication - No active profile set, falling back to default profiles: default
